<?xml version="1.0" encoding="UTF-8"?>
<testsuite name="com.example.demo.DemoApplicationTests" tests="1" skipped="0" failures="0" errors="0" timestamp="2024-10-24T05:26:11" hostname="LAPTOP-LE1VK2C7" time="0.359">
  <properties/>
  <testcase name="contextLoads()" classname="com.example.demo.DemoApplicationTests" time="0.359"/>
  <system-out><![CDATA[10:56:09.195 [Test worker] DEBUG org.springframework.test.context.BootstrapUtils - Instantiating CacheAwareContextLoaderDelegate from class [org.springframework.test.context.cache.DefaultCacheAwareContextLoaderDelegate]
10:56:09.225 [Test worker] DEBUG org.springframework.test.context.BootstrapUtils - Instantiating BootstrapContext using constructor [public org.springframework.test.context.support.DefaultBootstrapContext(java.lang.Class,org.springframework.test.context.CacheAwareContextLoaderDelegate)]
10:56:09.283 [Test worker] DEBUG org.springframework.test.context.BootstrapUtils - Instantiating TestContextBootstrapper for test class [com.example.demo.DemoApplicationTests] from class [org.springframework.boot.test.context.SpringBootTestContextBootstrapper]
10:56:09.303 [Test worker] INFO org.springframework.boot.test.context.SpringBootTestContextBootstrapper - Neither @ContextConfiguration nor @ContextHierarchy found for test class [com.example.demo.DemoApplicationTests], using SpringBootContextLoader
10:56:09.310 [Test worker] DEBUG org.springframework.test.context.support.AbstractContextLoader - Did not detect default resource location for test class [com.example.demo.DemoApplicationTests]: class path resource [com/example/demo/DemoApplicationTests-context.xml] does not exist
10:56:09.310 [Test worker] DEBUG org.springframework.test.context.support.AbstractContextLoader - Did not detect default resource location for test class [com.example.demo.DemoApplicationTests]: class path resource [com/example/demo/DemoApplicationTestsContext.groovy] does not exist
10:56:09.311 [Test worker] INFO org.springframework.test.context.support.AbstractContextLoader - Could not detect default resource locations for test class [com.example.demo.DemoApplicationTests]: no resource found for suffixes {-context.xml, Context.groovy}.
10:56:09.315 [Test worker] INFO org.springframework.test.context.support.AnnotationConfigContextLoaderUtils - Could not detect default configuration classes for test class [com.example.demo.DemoApplicationTests]: DemoApplicationTests does not declare any static, non-private, non-final, nested classes annotated with @Configuration.
10:56:09.394 [Test worker] DEBUG org.springframework.test.context.support.ActiveProfilesUtils - Could not find an 'annotation declaring class' for annotation type [org.springframework.test.context.ActiveProfiles] and class [com.example.demo.DemoApplicationTests]
10:56:09.494 [Test worker] DEBUG org.springframework.context.annotation.ClassPathScanningCandidateComponentProvider - Identified candidate component class: file [D:\Hello\New\New\demo\demo\build\classes\java\main\com\example\demo\DemoApplication.class]
10:56:09.496 [Test worker] INFO org.springframework.boot.test.context.SpringBootTestContextBootstrapper - Found @SpringBootConfiguration com.example.demo.DemoApplication for test class com.example.demo.DemoApplicationTests
10:56:09.660 [Test worker] DEBUG org.springframework.boot.test.context.SpringBootTestContextBootstrapper - @TestExecutionListeners is not present for class [com.example.demo.DemoApplicationTests]: using defaults.
10:56:09.661 [Test worker] INFO org.springframework.boot.test.context.SpringBootTestContextBootstrapper - Loaded default TestExecutionListener class names from location [META-INF/spring.factories]: [org.springframework.boot.test.autoconfigure.restdocs.RestDocsTestExecutionListener, org.springframework.boot.test.autoconfigure.web.client.MockRestServiceServerResetTestExecutionListener, org.springframework.boot.test.autoconfigure.web.servlet.MockMvcPrintOnlyOnFailureTestExecutionListener, org.springframework.boot.test.autoconfigure.web.servlet.WebDriverTestExecutionListener, org.springframework.boot.test.autoconfigure.webservices.client.MockWebServiceServerTestExecutionListener, org.springframework.boot.test.mock.mockito.MockitoTestExecutionListener, org.springframework.boot.test.mock.mockito.ResetMocksTestExecutionListener, org.springframework.test.context.web.ServletTestExecutionListener, org.springframework.test.context.support.DirtiesContextBeforeModesTestExecutionListener, org.springframework.test.context.event.ApplicationEventsTestExecutionListener, org.springframework.test.context.support.DependencyInjectionTestExecutionListener, org.springframework.test.context.support.DirtiesContextTestExecutionListener, org.springframework.test.context.transaction.TransactionalTestExecutionListener, org.springframework.test.context.jdbc.SqlScriptsTestExecutionListener, org.springframework.test.context.event.EventPublishingTestExecutionListener]
10:56:09.681 [Test worker] DEBUG org.springframework.boot.test.context.SpringBootTestContextBootstrapper - Skipping candidate TestExecutionListener [org.springframework.test.context.transaction.TransactionalTestExecutionListener] due to a missing dependency. Specify custom listener classes or make the default listener classes and their required dependencies available. Offending class: [org/springframework/transaction/interceptor/TransactionAttributeSource]
10:56:09.682 [Test worker] DEBUG org.springframework.boot.test.context.SpringBootTestContextBootstrapper - Skipping candidate TestExecutionListener [org.springframework.test.context.jdbc.SqlScriptsTestExecutionListener] due to a missing dependency. Specify custom listener classes or make the default listener classes and their required dependencies available. Offending class: [org/springframework/transaction/interceptor/TransactionAttribute]
10:56:09.683 [Test worker] INFO org.springframework.boot.test.context.SpringBootTestContextBootstrapper - Using TestExecutionListeners: [org.springframework.test.context.web.ServletTestExecutionListener@18b30951, org.springframework.test.context.support.DirtiesContextBeforeModesTestExecutionListener@48f4264e, org.springframework.test.context.event.ApplicationEventsTestExecutionListener@2697c156, org.springframework.boot.test.mock.mockito.MockitoTestExecutionListener@533d7c61, org.springframework.boot.test.autoconfigure.SpringBootDependencyInjectionTestExecutionListener@53c40ed6, org.springframework.test.context.support.DirtiesContextTestExecutionListener@3a6b94b6, org.springframework.test.context.event.EventPublishingTestExecutionListener@22ee7fdc, org.springframework.boot.test.autoconfigure.restdocs.RestDocsTestExecutionListener@1a88d194, org.springframework.boot.test.autoconfigure.web.client.MockRestServiceServerResetTestExecutionListener@6949cead, org.springframework.boot.test.autoconfigure.web.servlet.MockMvcPrintOnlyOnFailureTestExecutionListener@fe13916, org.springframework.boot.test.autoconfigure.web.servlet.WebDriverTestExecutionListener@5ea0a7a9, org.springframework.boot.test.autoconfigure.webservices.client.MockWebServiceServerTestExecutionListener@278c998, org.springframework.boot.test.mock.mockito.ResetMocksTestExecutionListener@25e353dc]
10:56:09.690 [Test worker] DEBUG org.springframework.test.context.support.AbstractDirtiesContextTestExecutionListener - Before test class: context [DefaultTestContext@6ec2d990 testClass = DemoApplicationTests, testInstance = [null], testMethod = [null], testException = [null], mergedContextConfiguration = [WebMergedContextConfiguration@1cfa7ee0 testClass = DemoApplicationTests, locations = '{}', classes = '{class com.example.demo.DemoApplication}', contextInitializerClasses = '[]', activeProfiles = '{}', propertySourceLocations = '{}', propertySourceProperties = '{org.springframework.boot.test.context.SpringBootTestContextBootstrapper=true}', contextCustomizers = set[org.springframework.boot.test.autoconfigure.actuate.metrics.MetricsExportContextCustomizerFactory$DisableMetricExportContextCustomizer@6750e381, org.springframework.boot.test.autoconfigure.properties.PropertyMappingContextCustomizer@0, org.springframework.boot.test.autoconfigure.web.servlet.WebDriverContextCustomizerFactory$Customizer@29c53c4f, org.springframework.boot.test.context.filter.ExcludeFilterContextCustomizer@5a30722c, org.springframework.boot.test.json.DuplicateJsonObjectContextCustomizerFactory$DuplicateJsonObjectContextCustomizer@3ab595c8, org.springframework.boot.test.mock.mockito.MockitoContextCustomizer@0, org.springframework.boot.test.web.client.TestRestTemplateContextCustomizer@56fda064, org.springframework.boot.test.context.SpringBootTestArgs@1, org.springframework.boot.test.context.SpringBootTestWebEnvironment@6fc3e1a4], resourceBasePath = 'src/main/webapp', contextLoader = 'org.springframework.boot.test.context.SpringBootContextLoader', parent = [null]], attributes = map['org.springframework.test.context.web.ServletTestExecutionListener.activateListener' -> true]], class annotated with @DirtiesContext [false] with mode [null].

  .   ____          _            __ _ _
 /\\ / ___'_ __ _ _(_)_ __  __ _ \ \ \ \
( ( )\___ | '_ | '_| | '_ \/ _` | \ \ \ \
 \\/  ___)| |_)| | | | | || (_| |  ) ) ) )
  '  |____| .__|_| |_|_| |_\__, | / / / /
 =========|_|==============|___/=/_/_/_/
 :: Spring Boot ::               (v2.7.13)

2024-10-24 10:56:10.176  INFO 25800 --- [    Test worker] com.example.demo.DemoApplicationTests    : Starting DemoApplicationTests using Java 1.8.0_202 on LAPTOP-LE1VK2C7 with PID 25800 (started by WalkingTree in D:\Hello\New\New\demo\demo)
2024-10-24 10:56:10.178  INFO 25800 --- [    Test worker] com.example.demo.DemoApplicationTests    : No active profile set, falling back to 1 default profile: "default"
2024-10-24 10:56:11.879  INFO 25800 --- [    Test worker] com.example.demo.DemoApplicationTests    : Started DemoApplicationTests in 2.116 seconds (JVM running for 4.151)
]]></system-out>
  <system-err><![CDATA[]]></system-err>
</testsuite>
